<?xml version="1.0" encoding="UTF-8"?>
<testng-results ignored="0" total="1" passed="1" failed="0" skipped="0">
  <reporter-output>
  </reporter-output>
  <suite started-at="2025-08-01T21:32:26 IST" name="Default suite" finished-at="2025-08-01T21:32:29 IST" duration-ms="2674">
    <groups>
    </groups>
    <test started-at="2025-08-01T21:32:26 IST" name="Default test" finished-at="2025-08-01T21:32:29 IST" duration-ms="2674">
      <class name="Session04.CheckForValidResponse">
        <test-method signature="getSingleUser()[pri:0, instance:Session04.CheckForValidResponse@31304f14]" started-at="2025-08-01T21:32:26 IST" name="getSingleUser" finished-at="2025-08-01T21:32:29 IST" duration-ms="2612" status="PASS">
          <reporter-output>
          </reporter-output>
        </test-method> <!-- getSingleUser -->
      </class> <!-- Session04.CheckForValidResponse -->
    </test> <!-- Default test -->
  </suite> <!-- Default suite -->
</testng-results>
